<?xml version="1.0" encoding="UTF-8"?>
<!-- Generated by org.testng.reporters.JUnitXMLReporter -->
<testsuite ignored="0" hostname="Kelvin" failures="2" tests="2" name="browsertest" time="11.054" errors="0" timestamp="2019-11-13T18:08:48 CST">
  <testcase classname="cases.BrowserTest" name="browser" time="2.04">
    <failure type="java.lang.IllegalArgumentException" message="Cannot find elements when the id is null.">
      <![CDATA[java.lang.IllegalArgumentException: Cannot find elements when the id is null.
at org.openqa.selenium.By$ById.<init>(By.java:171)
at org.openqa.selenium.By.id(By.java:52)
at tasks.baiduSerch.baiduSerch(baiduSerch.java:18)
at cases.BrowserTest.browser(BrowserTest.java:37)
at java.base/java.util.ArrayList.forEach(ArrayList.java:1540)
at java.base/java.util.concurrent.FutureTask.run(FutureTask.java:264)
at java.base/java.util.concurrent.ThreadPoolExecutor.runWorker(ThreadPoolExecutor.java:1128)
at java.base/java.util.concurrent.ThreadPoolExecutor$Worker.run(ThreadPoolExecutor.java:628)
at java.base/java.lang.Thread.run(Thread.java:835)
... Removed 18 stack frames]]>
    </failure>
  </testcase> <!-- browser -->
  <testcase classname="cases.BrowserTest" name="browser" time="2.02">
    <failure type="java.lang.IllegalArgumentException" message="Cannot find elements when the id is null.">
      <![CDATA[java.lang.IllegalArgumentException: Cannot find elements when the id is null.
at org.openqa.selenium.By$ById.<init>(By.java:171)
at org.openqa.selenium.By.id(By.java:52)
at tasks.baiduSerch.baiduSerch(baiduSerch.java:18)
at cases.BrowserTest.browser(BrowserTest.java:37)
at java.base/java.util.ArrayList.forEach(ArrayList.java:1540)
at java.base/java.util.concurrent.FutureTask.run(FutureTask.java:264)
at java.base/java.util.concurrent.ThreadPoolExecutor.runWorker(ThreadPoolExecutor.java:1128)
at java.base/java.util.concurrent.ThreadPoolExecutor$Worker.run(ThreadPoolExecutor.java:628)
at java.base/java.lang.Thread.run(Thread.java:835)
... Removed 18 stack frames]]>
    </failure>
  </testcase> <!-- browser -->
</testsuite> <!-- browsertest -->
